N - listening on 3000 port
N - incoming req /uai
N - listening on 3000 port
N - incoming req /uai
N - listening on 3000 port
N - incoming req /uai
N - listening on 3000 port
N - incoming req /uai
42b25abeba9e7bfdf71a6d67a48df750 - processing async work { username: "1234" }
42b25abeba9e7bfdf71a6d67a48df750 - waiting response { username: "1234" }
42b25abeba9e7bfdf71a6d67a48df750 - successfully response { username: "1234" }
N - incoming req /uai
7d025a4a244cd24b0f0158427edc9aed - processing async work { username: "oieeee" }
7d025a4a244cd24b0f0158427edc9aed - waiting response { username: "oieeee" }
7d025a4a244cd24b0f0158427edc9aed - successfully response { username: "oieeee" }
N - incoming req /
66f5dd79403e75f1a6720a85e699640f - prcoessing sync work { username: "oieeee" }
66f5dd79403e75f1a6720a85e699640f - successfully { username: "oieeee" }
66f5dd79403e75f1a6720a85e699640f - processing async work { username: "oieeee" }
66f5dd79403e75f1a6720a85e699640f - waiting response { username: "oieeee" }
66f5dd79403e75f1a6720a85e699640f - successfully response { username: "oieeee" }
